2023-08-06 00:22:03.723909 - Initialized conversion of CBT012
2023-08-06 00:22:04.347372 - Received CBT.V505.FILE012.PDS from FILE012.XMI 
2023-08-06 00:22:04.349524 - Found $$$#DATE.txt (text/plain) in CBT.V505.FILE012.PDS, moved to PDS/$$$#DATE
2023-08-06 00:22:04.350486 - Found $DOC.txt (text/plain) in CBT.V505.FILE012.PDS, moved to PDS/$DOC
2023-08-06 00:22:04.351807 - Found $INSTALL.jcl (text/plain) in CBT.V505.FILE012.PDS, moved to PDS/$INSTALL
2023-08-06 00:22:04.352751 - Found $LOAD.jcl (text/plain) in CBT.V505.FILE012.PDS, moved to PDS/$LOAD
2023-08-06 00:22:04.353654 - Found @FILE012.txt (text/plain) in CBT.V505.FILE012.PDS, moved to PDS/@FILE012
2023-08-06 00:22:04.354540 - Found ENTER.txt (text/plain) in CBT.V505.FILE012.PDS, moved to PDS/ENTER
2023-08-06 00:22:04.355452 - Found ISPCALL.txt (text/plain) in CBT.V505.FILE012.PDS, moved to PDS/ISPCALL
2023-08-06 00:22:04.356332 - Found ISR@PRIM.txt (text/plain) in CBT.V505.FILE012.PDS, moved to PDS/ISR@PRIM
2023-08-06 00:22:04.357233 - Found ISRALTK.txt (text/plain) in CBT.V505.FILE012.PDS, moved to PDS/ISRALTK
2023-08-06 00:22:04.358083 - Found ISRUOLJH.txt (text/plain) in CBT.V505.FILE012.PDS, moved to PDS/ISRUOLJH
2023-08-06 00:22:04.358956 - Found JH#EDTMP.txt (text/plain) in CBT.V505.FILE012.PDS, moved to PDS/JH#EDTMP
2023-08-06 00:22:04.359840 - Found JH#GTDSN.txt (text/plain) in CBT.V505.FILE012.PDS, moved to PDS/JH#GTDSN
2023-08-06 00:22:04.360703 - Found JH#PDF8.txt (text/plain) in CBT.V505.FILE012.PDS, moved to PDS/JH#PDF8
2023-08-06 00:22:04.361584 - Found JH#TEDPR.txt (text/plain) in CBT.V505.FILE012.PDS, moved to PDS/JH#TEDPR
2023-08-06 00:22:04.362473 - Found JH#TEDRT.txt (text/plain) in CBT.V505.FILE012.PDS, moved to PDS/JH#TEDRT
2023-08-06 00:22:04.363372 - Found JH#TPRGM.txt (text/plain) in CBT.V505.FILE012.PDS, moved to PDS/JH#TPRGM
2023-08-06 00:22:04.364264 - Found JH#YCTBL.txt (text/plain) in CBT.V505.FILE012.PDS, moved to PDS/JH#YCTBL
2023-08-06 00:22:04.365195 - Found JH#YDTBL.txt (text/plain) in CBT.V505.FILE012.PDS, moved to PDS/JH#YDTBL
2023-08-06 00:22:04.366087 - Found JH#YPUP.txt (text/plain) in CBT.V505.FILE012.PDS, moved to PDS/JH#YPUP
2023-08-06 00:22:04.367014 - Found JH#YPUPG.txt (text/plain) in CBT.V505.FILE012.PDS, moved to PDS/JH#YPUPG
2023-08-06 00:22:04.368001 - Found JHA@M00.txt (text/plain) in CBT.V505.FILE012.PDS, moved to PDS/JHA@M00
2023-08-06 00:22:04.369134 - Found JHA@M01.txt (text/plain) in CBT.V505.FILE012.PDS, moved to PDS/JHA@M01
2023-08-06 00:22:04.370050 - Found JHA@M02.txt (text/plain) in CBT.V505.FILE012.PDS, moved to PDS/JHA@M02
2023-08-06 00:22:04.371372 - Found JHA@M03.txt (text/plain) in CBT.V505.FILE012.PDS, moved to PDS/JHA@M03
2023-08-06 00:22:04.372328 - Found JHA@M04.txt (text/plain) in CBT.V505.FILE012.PDS, moved to PDS/JHA@M04
2023-08-06 00:22:04.373237 - Found JHABH@0.txt (text/plain) in CBT.V505.FILE012.PDS, moved to PDS/JHABH@0
2023-08-06 00:22:04.374111 - Found JHABH@1.txt (text/plain) in CBT.V505.FILE012.PDS, moved to PDS/JHABH@1
2023-08-06 00:22:04.374961 - Found JHABH@2.txt (text/plain) in CBT.V505.FILE012.PDS, moved to PDS/JHABH@2
2023-08-06 00:22:04.375820 - Found JHABH@3.txt (text/plain) in CBT.V505.FILE012.PDS, moved to PDS/JHABH@3
2023-08-06 00:22:04.376667 - Found JHABH01.txt (text/plain) in CBT.V505.FILE012.PDS, moved to PDS/JHABH01
2023-08-06 00:22:04.377572 - Found JHABH02.txt (text/plain) in CBT.V505.FILE012.PDS, moved to PDS/JHABH02
2023-08-06 00:22:04.378458 - Found JHABH03.txt (text/plain) in CBT.V505.FILE012.PDS, moved to PDS/JHABH03
2023-08-06 00:22:04.379345 - Found JHABH03A.txt (text/plain) in CBT.V505.FILE012.PDS, moved to PDS/JHABH03A
2023-08-06 00:22:04.380192 - Found JHABH03B.txt (text/plain) in CBT.V505.FILE012.PDS, moved to PDS/JHABH03B
2023-08-06 00:22:04.381099 - Found JHABH05.txt (text/plain) in CBT.V505.FILE012.PDS, moved to PDS/JHABH05
2023-08-06 00:22:04.382067 - Found JHABH07.txt (text/plain) in CBT.V505.FILE012.PDS, moved to PDS/JHABH07
2023-08-06 00:22:04.382949 - Found JHABH07A.txt (text/plain) in CBT.V505.FILE012.PDS, moved to PDS/JHABH07A
2023-08-06 00:22:04.383808 - Found JHABH09.txt (text/plain) in CBT.V505.FILE012.PDS, moved to PDS/JHABH09
2023-08-06 00:22:04.384650 - Found JHABH09A.txt (text/plain) in CBT.V505.FILE012.PDS, moved to PDS/JHABH09A
2023-08-06 00:22:04.385530 - Found JHABH10.txt (text/plain) in CBT.V505.FILE012.PDS, moved to PDS/JHABH10
2023-08-06 00:22:04.386445 - Found JHABM00.txt (text/plain) in CBT.V505.FILE012.PDS, moved to PDS/JHABM00
2023-08-06 00:22:04.387288 - Found JHABM01.txt (text/plain) in CBT.V505.FILE012.PDS, moved to PDS/JHABM01
2023-08-06 00:22:04.388182 - Found JHABM02.txt (text/plain) in CBT.V505.FILE012.PDS, moved to PDS/JHABM02
2023-08-06 00:22:04.389047 - Found JHABM03.txt (text/plain) in CBT.V505.FILE012.PDS, moved to PDS/JHABM03
2023-08-06 00:22:04.390022 - Found JHABM05.txt (text/plain) in CBT.V505.FILE012.PDS, moved to PDS/JHABM05
2023-08-06 00:22:04.390907 - Found JHABM07.txt (text/plain) in CBT.V505.FILE012.PDS, moved to PDS/JHABM07
2023-08-06 00:22:04.391799 - Found JHABM09.txt (text/plain) in CBT.V505.FILE012.PDS, moved to PDS/JHABM09
2023-08-06 00:22:04.392644 - Found JHABM10.txt (text/plain) in CBT.V505.FILE012.PDS, moved to PDS/JHABM10
2023-08-06 00:22:04.393559 - Found JHABM14.txt (text/plain) in CBT.V505.FILE012.PDS, moved to PDS/JHABM14
2023-08-06 00:22:04.394494 - Found JHABM18.txt (text/plain) in CBT.V505.FILE012.PDS, moved to PDS/JHABM18
2023-08-06 00:22:04.395391 - Found JHABM19.txt (text/plain) in CBT.V505.FILE012.PDS, moved to PDS/JHABM19
2023-08-06 00:22:04.396242 - Found JHABP@A.txt (text/plain) in CBT.V505.FILE012.PDS, moved to PDS/JHABP@A
2023-08-06 00:22:04.397155 - Found JHABP@B.txt (text/plain) in CBT.V505.FILE012.PDS, moved to PDS/JHABP@B
2023-08-06 00:22:04.398034 - Found JHABP0A.txt (text/plain) in CBT.V505.FILE012.PDS, moved to PDS/JHABP0A
2023-08-06 00:22:04.398878 - Found JHABP0G.txt (text/plain) in CBT.V505.FILE012.PDS, moved to PDS/JHABP0G
2023-08-06 00:22:04.399750 - Found JHABP0Z.txt (text/plain) in CBT.V505.FILE012.PDS, moved to PDS/JHABP0Z
2023-08-06 00:22:04.400591 - Found JHABP01.txt (text/plain) in CBT.V505.FILE012.PDS, moved to PDS/JHABP01
2023-08-06 00:22:04.401740 - Found JHABP02.txt (text/plain) in CBT.V505.FILE012.PDS, moved to PDS/JHABP02
2023-08-06 00:22:04.402736 - Found JHABP03.txt (text/plain) in CBT.V505.FILE012.PDS, moved to PDS/JHABP03
2023-08-06 00:22:04.403692 - Found JHABP05.txt (text/plain) in CBT.V505.FILE012.PDS, moved to PDS/JHABP05
2023-08-06 00:22:04.404689 - Found JHABP07.txt (text/plain) in CBT.V505.FILE012.PDS, moved to PDS/JHABP07
2023-08-06 00:22:04.405807 - Found JHABP09.txt (text/plain) in CBT.V505.FILE012.PDS, moved to PDS/JHABP09
2023-08-06 00:22:04.406727 - Found JHABP10.txt (text/plain) in CBT.V505.FILE012.PDS, moved to PDS/JHABP10
2023-08-06 00:22:04.407602 - Found JHABP14.txt (text/plain) in CBT.V505.FILE012.PDS, moved to PDS/JHABP14
2023-08-06 00:22:04.408474 - Found JHABP18.txt (text/plain) in CBT.V505.FILE012.PDS, moved to PDS/JHABP18
2023-08-06 00:22:04.409467 - Found JHABP19.txt (text/plain) in CBT.V505.FILE012.PDS, moved to PDS/JHABP19
2023-08-06 00:22:04.410546 - Found JHABP19V.txt (text/plain) in CBT.V505.FILE012.PDS, moved to PDS/JHABP19V
2023-08-06 00:22:04.411573 - Found JHABROB.txt (text/plain) in CBT.V505.FILE012.PDS, moved to PDS/JHABROB
2023-08-06 00:22:04.412517 - Found JHABS@C.txt (text/plain) in CBT.V505.FILE012.PDS, moved to PDS/JHABS@C
2023-08-06 00:22:04.413546 - Found JHABS@I.txt (text/plain) in CBT.V505.FILE012.PDS, moved to PDS/JHABS@I
2023-08-06 00:22:04.414527 - Found JHABS0A.txt (text/plain) in CBT.V505.FILE012.PDS, moved to PDS/JHABS0A
2023-08-06 00:22:04.415468 - Found JHABS0G.txt (text/plain) in CBT.V505.FILE012.PDS, moved to PDS/JHABS0G
2023-08-06 00:22:04.416331 - Found JHABS0Z.txt (text/plain) in CBT.V505.FILE012.PDS, moved to PDS/JHABS0Z
2023-08-06 00:22:04.417179 - Found JHABS01.txt (text/plain) in CBT.V505.FILE012.PDS, moved to PDS/JHABS01
2023-08-06 00:22:04.418166 - Found JHABS02.txt (text/plain) in CBT.V505.FILE012.PDS, moved to PDS/JHABS02
2023-08-06 00:22:04.419077 - Found JHABS03.txt (text/plain) in CBT.V505.FILE012.PDS, moved to PDS/JHABS03
2023-08-06 00:22:04.420021 - Found JHABS05.txt (text/plain) in CBT.V505.FILE012.PDS, moved to PDS/JHABS05
2023-08-06 00:22:04.420935 - Found JHABS07.txt (text/plain) in CBT.V505.FILE012.PDS, moved to PDS/JHABS07
2023-08-06 00:22:04.421931 - Found JHABS09.txt (text/plain) in CBT.V505.FILE012.PDS, moved to PDS/JHABS09
2023-08-06 00:22:04.422850 - Found JHABS10.txt (text/plain) in CBT.V505.FILE012.PDS, moved to PDS/JHABS10
2023-08-06 00:22:04.423804 - Found JHABS14.txt (text/plain) in CBT.V505.FILE012.PDS, moved to PDS/JHABS14
2023-08-06 00:22:04.424739 - Found JHABS18.txt (text/plain) in CBT.V505.FILE012.PDS, moved to PDS/JHABS18
2023-08-06 00:22:04.425701 - Found JHABS19.txt (text/plain) in CBT.V505.FILE012.PDS, moved to PDS/JHABS19
2023-08-06 00:22:04.426570 - Found JHAEFR01.txt (text/plain) in CBT.V505.FILE012.PDS, moved to PDS/JHAEFR01
2023-08-06 00:22:04.427516 - Found JHAYM11.txt (text/plain) in CBT.V505.FILE012.PDS, moved to PDS/JHAYM11
2023-08-06 00:22:04.428387 - Found JHAYM12.txt (text/plain) in CBT.V505.FILE012.PDS, moved to PDS/JHAYM12
2023-08-06 00:22:04.429297 - Found JHAYM14.txt (text/plain) in CBT.V505.FILE012.PDS, moved to PDS/JHAYM14
2023-08-06 00:22:04.430179 - Found JHAYP110.txt (text/plain) in CBT.V505.FILE012.PDS, moved to PDS/JHAYP110
2023-08-06 00:22:04.431083 - Found JHAYP111.txt (text/plain) in CBT.V505.FILE012.PDS, moved to PDS/JHAYP111
2023-08-06 00:22:04.432098 - Found JHAYP112.txt (text/plain) in CBT.V505.FILE012.PDS, moved to PDS/JHAYP112
2023-08-06 00:22:04.433084 - Found JHAYP113.txt (text/plain) in CBT.V505.FILE012.PDS, moved to PDS/JHAYP113
2023-08-06 00:22:04.434019 - Found JHAYP12.txt (text/plain) in CBT.V505.FILE012.PDS, moved to PDS/JHAYP12
2023-08-06 00:22:04.435044 - Found JHAYP12B.txt (text/plain) in CBT.V505.FILE012.PDS, moved to PDS/JHAYP12B
2023-08-06 00:22:04.436065 - Found JHAYP14@.txt (text/plain) in CBT.V505.FILE012.PDS, moved to PDS/JHAYP14@
2023-08-06 00:22:04.437016 - Found JHAYP141.txt (text/plain) in CBT.V505.FILE012.PDS, moved to PDS/JHAYP141
2023-08-06 00:22:04.437874 - Found JHAYP142.txt (text/plain) in CBT.V505.FILE012.PDS, moved to PDS/JHAYP142
2023-08-06 00:22:04.438791 - Found JHTEM01.txt (text/plain) in CBT.V505.FILE012.PDS, moved to PDS/JHTEM01
2023-08-06 00:22:04.439816 - Found JHTEPE01.txt (text/plain) in CBT.V505.FILE012.PDS, moved to PDS/JHTEPE01
2023-08-06 00:22:04.440749 - Found JHTEPE31.txt (text/plain) in CBT.V505.FILE012.PDS, moved to PDS/JHTEPE31
2023-08-06 00:22:04.441630 - Found JHTEPE32.txt (text/plain) in CBT.V505.FILE012.PDS, moved to PDS/JHTEPE32
2023-08-06 00:22:04.442601 - Found JHTEPE41.txt (text/plain) in CBT.V505.FILE012.PDS, moved to PDS/JHTEPE41
2023-08-06 00:22:04.443509 - Found JHTEPE42.txt (text/plain) in CBT.V505.FILE012.PDS, moved to PDS/JHTEPE42
2023-08-06 00:22:04.444361 - Found JHTEP0M.txt (text/plain) in CBT.V505.FILE012.PDS, moved to PDS/JHTEP0M
2023-08-06 00:22:04.445220 - Found JHTEP0M2.txt (text/plain) in CBT.V505.FILE012.PDS, moved to PDS/JHTEP0M2
2023-08-06 00:22:04.446174 - Found JHTES0M.txt (text/plain) in CBT.V505.FILE012.PDS, moved to PDS/JHTES0M
2023-08-06 00:22:04.447057 - Found LEAVE.txt (text/plain) in CBT.V505.FILE012.PDS, moved to PDS/LEAVE
2023-08-06 00:22:04.447894 - Found PANELID.txt (text/plain) in CBT.V505.FILE012.PDS, moved to PDS/PANELID
2023-08-06 00:22:04.448842 - Found REQUS.txt (text/plain) in CBT.V505.FILE012.PDS, moved to PDS/REQUS
2023-08-06 00:22:04.449872 - Found SCANLINE.txt (text/plain) in CBT.V505.FILE012.PDS, moved to PDS/SCANLINE
2023-08-06 00:22:04.450857 - Found TSCMDTB.txt (text/plain) in CBT.V505.FILE012.PDS, moved to PDS/TSCMDTB
2023-08-06 00:22:04.451846 - Found XALTK.txt (text/plain) in CBT.V505.FILE012.PDS, moved to PDS/XALTK
2023-08-06 00:22:04.452832 - Found ZALTKA.txt (text/plain) in CBT.V505.FILE012.PDS, moved to PDS/ZALTKA
2023-08-06 00:22:04.453830 - Found ZALTKB.txt (text/plain) in CBT.V505.FILE012.PDS, moved to PDS/ZALTKB
2023-08-06 00:22:04.454792 - Found ZALTKC.txt (text/plain) in CBT.V505.FILE012.PDS, moved to PDS/ZALTKC
2023-08-06 00:22:04.455795 - Found ZCMDTBL.txt (text/plain) in CBT.V505.FILE012.PDS, moved to PDS/ZCMDTBL
